[debug] [2017-07-20T19:29:14.507Z] ----------------------------------------------------------------------
[debug] [2017-07-20T19:29:14.510Z] Command:      /usr/bin/nodejs /usr/local/bin/firebase serve
[debug] [2017-07-20T19:29:14.510Z] CLI Version:  3.9.1
[debug] [2017-07-20T19:29:14.510Z] Platform:     linux
[debug] [2017-07-20T19:29:14.510Z] Node Version: v4.2.6
[debug] [2017-07-20T19:29:14.510Z] Time:         Fri Jul 21 2017 00:59:14 GMT+0530 (IST)
[debug] [2017-07-20T19:29:14.510Z] ----------------------------------------------------------------------
[debug] 
[debug] [2017-07-20T19:29:14.519Z] > command requires scopes: ["email","openid","https://www.googleapis.com/auth/cloudplatformprojects.readonly","https://www.googleapis.com/auth/firebase","https://www.googleapis.com/auth/cloud-platform"]
[debug] [2017-07-20T19:29:14.519Z] > authorizing via signed-in user
[debug] [2017-07-20T19:29:14.521Z] > refreshing access token with scopes: ["email","https://www.googleapis.com/auth/cloud-platform","https://www.googleapis.com/auth/cloudplatformprojects.readonly","https://www.googleapis.com/auth/firebase","openid"]
[debug] [2017-07-20T19:29:14.521Z] >>> HTTP REQUEST POST https://www.googleapis.com/oauth2/v3/token { refresh_token: '1/n_x6ux6c124oBUpuiMJ-BucQ0ylV09SZvvEf9BBOcupTawjh86vgLwIHMoPYk3lz',
  client_id: '563584335869-fgrhgmd47bqnekij5i8b5pr03ho849e6.apps.googleusercontent.com',
  client_secret: 'j9iVZfS8kkCEFUPaAeJV0sAi',
  grant_type: 'refresh_token',
  scope: 'email https://www.googleapis.com/auth/cloud-platform https://www.googleapis.com/auth/cloudplatformprojects.readonly https://www.googleapis.com/auth/firebase openid' } 
 Fri Jul 21 2017 00:59:14 GMT+0530 (IST)
[debug] [2017-07-20T19:29:14.990Z] <<< HTTP RESPONSE 200
[debug] [2017-07-20T19:29:15.036Z] >>> HTTP REQUEST GET https://admin.firebase.com/v1/projects/hirecall-5bbea  
 Fri Jul 21 2017 00:59:15 GMT+0530 (IST)
[debug] [2017-07-20T19:29:17.702Z] <<< HTTP RESPONSE 200
[debug] [2017-07-20T19:29:17.705Z] >>> HTTP REQUEST GET https://admin.firebase.com/v1/database/hirecall-5bbea/tokens  
 Fri Jul 21 2017 00:59:17 GMT+0530 (IST)
[debug] [2017-07-20T19:29:19.623Z] <<< HTTP RESPONSE 200
[info] 
[info] === Serving from '/home/arpit/Pictures/web chat/friendlychat-web-master/web-start'...
[info] 
[debug] [2017-07-20T19:29:19.629Z] >>> HTTP REQUEST GET https://cloudresourcemanager.googleapis.com/v1/projects/hirecall-5bbea  
 Fri Jul 21 2017 00:59:19 GMT+0530 (IST)
[debug] [2017-07-20T19:29:21.893Z] <<< HTTP RESPONSE 200
[debug] [2017-07-20T19:29:21.894Z] >>> HTTP REQUEST GET https://mobilesdk-pa.googleapis.com/v1/projects/44473246990/clients/_:getWebAppConfig  
 Fri Jul 21 2017 00:59:21 GMT+0530 (IST)
[debug] [2017-07-20T19:29:23.124Z] <<< HTTP RESPONSE 200
[warn] ⚠  hosting: Port 5000 is not available. Trying another port...
[debug] [2017-07-20T19:29:23.140Z] >>> HTTP REQUEST GET https://cloudresourcemanager.googleapis.com/v1/projects/hirecall-5bbea  
 Fri Jul 21 2017 00:59:23 GMT+0530 (IST)
[debug] [2017-07-20T19:29:25.070Z] <<< HTTP RESPONSE 200
[debug] [2017-07-20T19:29:25.073Z] >>> HTTP REQUEST GET https://mobilesdk-pa.googleapis.com/v1/projects/44473246990/clients/_:getWebAppConfig  
 Fri Jul 21 2017 00:59:25 GMT+0530 (IST)
[debug] [2017-07-20T19:29:25.993Z] <<< HTTP RESPONSE 200
[warn] ⚠  hosting: Port 5004 is not available. Trying another port...
[debug] [2017-07-20T19:29:26.009Z] >>> HTTP REQUEST GET https://cloudresourcemanager.googleapis.com/v1/projects/hirecall-5bbea  
 Fri Jul 21 2017 00:59:26 GMT+0530 (IST)
[debug] [2017-07-20T19:29:28.041Z] <<< HTTP RESPONSE 200
[debug] [2017-07-20T19:29:28.042Z] >>> HTTP REQUEST GET https://mobilesdk-pa.googleapis.com/v1/projects/44473246990/clients/_:getWebAppConfig  
 Fri Jul 21 2017 00:59:28 GMT+0530 (IST)
[debug] [2017-07-20T19:29:29.270Z] <<< HTTP RESPONSE 200
[warn] ⚠  hosting: Port 5008 is not available. Trying another port...
[debug] [2017-07-20T19:29:29.275Z] >>> HTTP REQUEST GET https://cloudresourcemanager.googleapis.com/v1/projects/hirecall-5bbea  
 Fri Jul 21 2017 00:59:29 GMT+0530 (IST)
[debug] [2017-07-20T19:29:31.421Z] <<< HTTP RESPONSE 200
[debug] [2017-07-20T19:29:31.423Z] >>> HTTP REQUEST GET https://mobilesdk-pa.googleapis.com/v1/projects/44473246990/clients/_:getWebAppConfig  
 Fri Jul 21 2017 00:59:31 GMT+0530 (IST)
[debug] [2017-07-20T19:29:32.342Z] <<< HTTP RESPONSE 200
[warn] ⚠  hosting: Port 5012 is not available. Trying another port...
[debug] [2017-07-20T19:29:32.347Z] >>> HTTP REQUEST GET https://cloudresourcemanager.googleapis.com/v1/projects/hirecall-5bbea  
 Fri Jul 21 2017 00:59:32 GMT+0530 (IST)
[debug] [2017-07-20T19:29:34.288Z] <<< HTTP RESPONSE 200
[debug] [2017-07-20T19:29:34.290Z] >>> HTTP REQUEST GET https://mobilesdk-pa.googleapis.com/v1/projects/44473246990/clients/_:getWebAppConfig  
 Fri Jul 21 2017 00:59:34 GMT+0530 (IST)
[debug] [2017-07-20T19:29:35.520Z] <<< HTTP RESPONSE 200
[warn] ⚠  hosting: Port 5016 is not available. Trying another port...
[debug] [2017-07-20T19:29:35.525Z] >>> HTTP REQUEST GET https://cloudresourcemanager.googleapis.com/v1/projects/hirecall-5bbea  
 Fri Jul 21 2017 00:59:35 GMT+0530 (IST)
[debug] [2017-07-20T19:29:37.776Z] <<< HTTP RESPONSE 200
[debug] [2017-07-20T19:29:37.783Z] >>> HTTP REQUEST GET https://mobilesdk-pa.googleapis.com/v1/projects/44473246990/clients/_:getWebAppConfig  
 Fri Jul 21 2017 00:59:37 GMT+0530 (IST)
[debug] [2017-07-20T19:29:39.718Z] <<< HTTP RESPONSE 200
[info] i  hosting: Serving hosting files from: ./
[info] ✔  hosting: Local server: http://localhost:5020

[debug] [2017-07-31T05:44:40.046Z] ----------------------------------------------------------------------
[debug] [2017-07-31T05:44:40.062Z] Command:      /usr/bin/nodejs /usr/local/bin/firebase serve
[debug] [2017-07-31T05:44:40.064Z] CLI Version:  3.9.1
[debug] [2017-07-31T05:44:40.064Z] Platform:     linux
[debug] [2017-07-31T05:44:40.064Z] Node Version: v4.2.6
[debug] [2017-07-31T05:44:40.065Z] Time:         Mon Jul 31 2017 11:14:40 GMT+0530 (IST)
[debug] [2017-07-31T05:44:40.065Z] ----------------------------------------------------------------------
[debug] 
[debug] [2017-07-31T05:44:40.169Z] > command requires scopes: ["email","openid","https://www.googleapis.com/auth/cloudplatformprojects.readonly","https://www.googleapis.com/auth/firebase","https://www.googleapis.com/auth/cloud-platform"]
[debug] [2017-07-31T05:44:40.169Z] > authorizing via signed-in user
[debug] [2017-07-31T05:44:40.172Z] > refreshing access token with scopes: ["email","https://www.googleapis.com/auth/cloud-platform","https://www.googleapis.com/auth/cloudplatformprojects.readonly","https://www.googleapis.com/auth/firebase","openid"]
[debug] [2017-07-31T05:44:40.173Z] >>> HTTP REQUEST POST https://www.googleapis.com/oauth2/v3/token { refresh_token: '1/n_x6ux6c124oBUpuiMJ-BucQ0ylV09SZvvEf9BBOcupTawjh86vgLwIHMoPYk3lz',
  client_id: '563584335869-fgrhgmd47bqnekij5i8b5pr03ho849e6.apps.googleusercontent.com',
  client_secret: 'j9iVZfS8kkCEFUPaAeJV0sAi',
  grant_type: 'refresh_token',
  scope: 'email https://www.googleapis.com/auth/cloud-platform https://www.googleapis.com/auth/cloudplatformprojects.readonly https://www.googleapis.com/auth/firebase openid' } 
 Mon Jul 31 2017 11:14:40 GMT+0530 (IST)
[debug] [2017-07-31T05:44:41.424Z] <<< HTTP RESPONSE 200
[debug] [2017-07-31T05:44:41.568Z] >>> HTTP REQUEST GET https://admin.firebase.com/v1/projects/hirecall-5bbea  
 Mon Jul 31 2017 11:14:41 GMT+0530 (IST)
[debug] [2017-07-31T05:44:44.365Z] <<< HTTP RESPONSE 200
[debug] [2017-07-31T05:44:44.369Z] >>> HTTP REQUEST GET https://admin.firebase.com/v1/database/hirecall-5bbea/tokens  
 Mon Jul 31 2017 11:14:44 GMT+0530 (IST)
[debug] [2017-07-31T05:44:47.456Z] <<< HTTP RESPONSE 200
[info] 
[info] === Serving from '/var/www/html/web-start'...
[info] 
[debug] [2017-07-31T05:44:47.470Z] >>> HTTP REQUEST GET https://cloudresourcemanager.googleapis.com/v1/projects/hirecall-5bbea  
 Mon Jul 31 2017 11:14:47 GMT+0530 (IST)
[debug] [2017-07-31T05:44:49.526Z] <<< HTTP RESPONSE 200
[debug] [2017-07-31T05:44:49.529Z] >>> HTTP REQUEST GET https://mobilesdk-pa.googleapis.com/v1/projects/44473246990/clients/_:getWebAppConfig  
 Mon Jul 31 2017 11:14:49 GMT+0530 (IST)
[debug] [2017-07-31T05:44:51.575Z] <<< HTTP RESPONSE 200
[info] i  hosting: Serving hosting files from: ./
[info] ✔  hosting: Local server: http://localhost:5000

[debug] [2017-07-31T07:30:25.428Z] Error: socket hang up
[error] 
[error] Error: An unexpected error has occurred.
[debug] [2017-07-31T07:45:57.249Z] ----------------------------------------------------------------------
[debug] [2017-07-31T07:45:57.253Z] Command:      /usr/bin/nodejs /usr/local/bin/firebase serve
[debug] [2017-07-31T07:45:57.253Z] CLI Version:  3.9.1
[debug] [2017-07-31T07:45:57.253Z] Platform:     linux
[debug] [2017-07-31T07:45:57.253Z] Node Version: v4.2.6
[debug] [2017-07-31T07:45:57.254Z] Time:         Mon Jul 31 2017 13:15:57 GMT+0530 (IST)
[debug] [2017-07-31T07:45:57.254Z] ----------------------------------------------------------------------
[debug] 
[debug] [2017-07-31T07:45:57.289Z] > command requires scopes: ["email","openid","https://www.googleapis.com/auth/cloudplatformprojects.readonly","https://www.googleapis.com/auth/firebase","https://www.googleapis.com/auth/cloud-platform"]
[debug] [2017-07-31T07:45:57.289Z] > authorizing via signed-in user
[debug] [2017-07-31T07:45:57.292Z] > refreshing access token with scopes: ["email","https://www.googleapis.com/auth/cloud-platform","https://www.googleapis.com/auth/cloudplatformprojects.readonly","https://www.googleapis.com/auth/firebase","openid"]
[debug] [2017-07-31T07:45:57.292Z] >>> HTTP REQUEST POST https://www.googleapis.com/oauth2/v3/token { refresh_token: '1/n_x6ux6c124oBUpuiMJ-BucQ0ylV09SZvvEf9BBOcupTawjh86vgLwIHMoPYk3lz',
  client_id: '563584335869-fgrhgmd47bqnekij5i8b5pr03ho849e6.apps.googleusercontent.com',
  client_secret: 'j9iVZfS8kkCEFUPaAeJV0sAi',
  grant_type: 'refresh_token',
  scope: 'email https://www.googleapis.com/auth/cloud-platform https://www.googleapis.com/auth/cloudplatformprojects.readonly https://www.googleapis.com/auth/firebase openid' } 
 Mon Jul 31 2017 13:15:57 GMT+0530 (IST)
[debug] [2017-07-31T07:45:57.938Z] <<< HTTP RESPONSE 200
[debug] [2017-07-31T07:45:58.470Z] >>> HTTP REQUEST GET https://admin.firebase.com/v1/projects/hirecall-5bbea  
 Mon Jul 31 2017 13:15:58 GMT+0530 (IST)
[debug] [2017-07-31T07:46:00.650Z] <<< HTTP RESPONSE 200
[debug] [2017-07-31T07:46:00.652Z] >>> HTTP REQUEST GET https://admin.firebase.com/v1/database/hirecall-5bbea/tokens  
 Mon Jul 31 2017 13:16:00 GMT+0530 (IST)
[debug] [2017-07-31T07:46:02.343Z] <<< HTTP RESPONSE 200
[info] 
[info] === Serving from '/var/www/html/web-start'...
[info] 
[debug] [2017-07-31T07:46:02.356Z] >>> HTTP REQUEST GET https://cloudresourcemanager.googleapis.com/v1/projects/hirecall-5bbea  
 Mon Jul 31 2017 13:16:02 GMT+0530 (IST)
[debug] [2017-07-31T07:46:04.511Z] <<< HTTP RESPONSE 200
[debug] [2017-07-31T07:46:04.514Z] >>> HTTP REQUEST GET https://mobilesdk-pa.googleapis.com/v1/projects/44473246990/clients/_:getWebAppConfig  
 Mon Jul 31 2017 13:16:04 GMT+0530 (IST)
[debug] [2017-07-31T07:46:05.902Z] <<< HTTP RESPONSE 200
[info] i  hosting: Serving hosting files from: ./
[info] ✔  hosting: Local server: http://localhost:5000

[debug] [2017-07-31T13:08:38.472Z] ----------------------------------------------------------------------
[debug] [2017-07-31T13:08:38.485Z] Command:      /usr/bin/nodejs /usr/local/bin/firebase serve
[debug] [2017-07-31T13:08:38.487Z] CLI Version:  3.9.1
[debug] [2017-07-31T13:08:38.487Z] Platform:     linux
[debug] [2017-07-31T13:08:38.487Z] Node Version: v4.2.6
[debug] [2017-07-31T13:08:38.488Z] Time:         Mon Jul 31 2017 18:38:38 GMT+0530 (IST)
[debug] [2017-07-31T13:08:38.488Z] ----------------------------------------------------------------------
[debug] 
[debug] [2017-07-31T13:08:38.595Z] > command requires scopes: ["email","openid","https://www.googleapis.com/auth/cloudplatformprojects.readonly","https://www.googleapis.com/auth/firebase","https://www.googleapis.com/auth/cloud-platform"]
[debug] [2017-07-31T13:08:38.595Z] > authorizing via signed-in user
[debug] [2017-07-31T13:08:38.599Z] > refreshing access token with scopes: ["email","https://www.googleapis.com/auth/cloud-platform","https://www.googleapis.com/auth/cloudplatformprojects.readonly","https://www.googleapis.com/auth/firebase","openid"]
[debug] [2017-07-31T13:08:38.599Z] >>> HTTP REQUEST POST https://www.googleapis.com/oauth2/v3/token { refresh_token: '1/n_x6ux6c124oBUpuiMJ-BucQ0ylV09SZvvEf9BBOcupTawjh86vgLwIHMoPYk3lz',
  client_id: '563584335869-fgrhgmd47bqnekij5i8b5pr03ho849e6.apps.googleusercontent.com',
  client_secret: 'j9iVZfS8kkCEFUPaAeJV0sAi',
  grant_type: 'refresh_token',
  scope: 'email https://www.googleapis.com/auth/cloud-platform https://www.googleapis.com/auth/cloudplatformprojects.readonly https://www.googleapis.com/auth/firebase openid' } 
 Mon Jul 31 2017 18:38:38 GMT+0530 (IST)
[debug] [2017-07-31T13:08:40.991Z] <<< HTTP RESPONSE 200
[debug] [2017-07-31T13:08:41.290Z] >>> HTTP REQUEST GET https://admin.firebase.com/v1/projects/hirecall-5bbea  
 Mon Jul 31 2017 18:38:41 GMT+0530 (IST)
[debug] [2017-07-31T13:08:44.107Z] <<< HTTP RESPONSE 200
[debug] [2017-07-31T13:08:44.110Z] >>> HTTP REQUEST GET https://admin.firebase.com/v1/database/hirecall-5bbea/tokens  
 Mon Jul 31 2017 18:38:44 GMT+0530 (IST)
[debug] [2017-07-31T13:09:01.725Z] ----------------------------------------------------------------------
[debug] [2017-07-31T13:09:01.728Z] Command:      /usr/bin/nodejs /usr/local/bin/firebase serve
[debug] [2017-07-31T13:09:01.728Z] CLI Version:  3.9.1
[debug] [2017-07-31T13:09:01.728Z] Platform:     linux
[debug] [2017-07-31T13:09:01.728Z] Node Version: v4.2.6
[debug] [2017-07-31T13:09:01.729Z] Time:         Mon Jul 31 2017 18:39:01 GMT+0530 (IST)
[debug] [2017-07-31T13:09:01.729Z] ----------------------------------------------------------------------
[debug] 
[debug] [2017-07-31T13:09:01.738Z] > command requires scopes: ["email","openid","https://www.googleapis.com/auth/cloudplatformprojects.readonly","https://www.googleapis.com/auth/firebase","https://www.googleapis.com/auth/cloud-platform"]
[debug] [2017-07-31T13:09:01.738Z] > authorizing via signed-in user
[debug] [2017-07-31T13:09:01.740Z] >>> HTTP REQUEST GET https://admin.firebase.com/v1/projects/hirecall-5bbea  
 Mon Jul 31 2017 18:39:01 GMT+0530 (IST)
[debug] [2017-07-31T13:09:05.161Z] <<< HTTP RESPONSE 200
[debug] [2017-07-31T13:09:05.162Z] >>> HTTP REQUEST GET https://admin.firebase.com/v1/database/hirecall-5bbea/tokens  
 Mon Jul 31 2017 18:39:05 GMT+0530 (IST)
[debug] [2017-07-31T13:09:27.741Z] ----------------------------------------------------------------------
[debug] [2017-07-31T13:09:27.744Z] Command:      /usr/bin/nodejs /usr/local/bin/firebase serve
[debug] [2017-07-31T13:09:27.744Z] CLI Version:  3.9.1
[debug] [2017-07-31T13:09:27.745Z] Platform:     linux
[debug] [2017-07-31T13:09:27.745Z] Node Version: v4.2.6
[debug] [2017-07-31T13:09:27.745Z] Time:         Mon Jul 31 2017 18:39:27 GMT+0530 (IST)
[debug] [2017-07-31T13:09:27.745Z] ----------------------------------------------------------------------
[debug] 
[debug] [2017-07-31T13:09:27.754Z] > command requires scopes: ["email","openid","https://www.googleapis.com/auth/cloudplatformprojects.readonly","https://www.googleapis.com/auth/firebase","https://www.googleapis.com/auth/cloud-platform"]
[debug] [2017-07-31T13:09:27.754Z] > authorizing via signed-in user
[debug] [2017-07-31T13:09:27.756Z] >>> HTTP REQUEST GET https://admin.firebase.com/v1/projects/hirecall-5bbea  
 Mon Jul 31 2017 18:39:27 GMT+0530 (IST)
[debug] [2017-07-31T13:09:31.239Z] <<< HTTP RESPONSE 200
[debug] [2017-07-31T13:09:31.244Z] >>> HTTP REQUEST GET https://admin.firebase.com/v1/database/hirecall-5bbea/tokens  
 Mon Jul 31 2017 18:39:31 GMT+0530 (IST)
[debug] [2017-07-31T13:09:34.005Z] <<< HTTP RESPONSE 200
[info] 
[info] === Serving from '/var/www/html/web-start'...
[info] 
[debug] [2017-07-31T13:09:34.008Z] >>> HTTP REQUEST GET https://cloudresourcemanager.googleapis.com/v1/projects/hirecall-5bbea  
 Mon Jul 31 2017 18:39:34 GMT+0530 (IST)
[debug] [2017-07-31T13:09:39.049Z] <<< HTTP RESPONSE 200
[debug] [2017-07-31T13:09:39.051Z] >>> HTTP REQUEST GET https://mobilesdk-pa.googleapis.com/v1/projects/44473246990/clients/_:getWebAppConfig  
 Mon Jul 31 2017 18:39:39 GMT+0530 (IST)
[debug] [2017-07-31T13:09:42.356Z] <<< HTTP RESPONSE 200
[info] i  hosting: Serving hosting files from: ./
[info] ✔  hosting: Local server: http://localhost:5000

[debug] [2017-08-01T19:30:32.129Z] Error: connect ETIMEDOUT 172.217.26.227:443
[error] 
[error] Error: An unexpected error has occurred.
[debug] [2017-08-01T19:30:32.137Z] Error: socket hang up
[error] 
[error] Error: An unexpected error has occurred.
[debug] [2017-08-01T19:32:21.890Z] ----------------------------------------------------------------------
[debug] [2017-08-01T19:32:21.892Z] Command:      /usr/bin/nodejs /usr/local/bin/firebase serve
[debug] [2017-08-01T19:32:21.893Z] CLI Version:  3.9.1
[debug] [2017-08-01T19:32:21.893Z] Platform:     linux
[debug] [2017-08-01T19:32:21.893Z] Node Version: v4.2.6
[debug] [2017-08-01T19:32:21.893Z] Time:         Wed Aug 02 2017 01:02:21 GMT+0530 (IST)
[debug] [2017-08-01T19:32:21.893Z] ----------------------------------------------------------------------
[debug] 
[debug] [2017-08-01T19:32:21.905Z] > command requires scopes: ["email","openid","https://www.googleapis.com/auth/cloudplatformprojects.readonly","https://www.googleapis.com/auth/firebase","https://www.googleapis.com/auth/cloud-platform"]
[debug] [2017-08-01T19:32:21.905Z] > authorizing via signed-in user
[debug] [2017-08-01T19:32:21.907Z] > refreshing access token with scopes: ["email","https://www.googleapis.com/auth/cloud-platform","https://www.googleapis.com/auth/cloudplatformprojects.readonly","https://www.googleapis.com/auth/firebase","openid"]
[debug] [2017-08-01T19:32:21.907Z] >>> HTTP REQUEST POST https://www.googleapis.com/oauth2/v3/token { refresh_token: '1/n_x6ux6c124oBUpuiMJ-BucQ0ylV09SZvvEf9BBOcupTawjh86vgLwIHMoPYk3lz',
  client_id: '563584335869-fgrhgmd47bqnekij5i8b5pr03ho849e6.apps.googleusercontent.com',
  client_secret: 'j9iVZfS8kkCEFUPaAeJV0sAi',
  grant_type: 'refresh_token',
  scope: 'email https://www.googleapis.com/auth/cloud-platform https://www.googleapis.com/auth/cloudplatformprojects.readonly https://www.googleapis.com/auth/firebase openid' } 
 Wed Aug 02 2017 01:02:21 GMT+0530 (IST)
[debug] [2017-08-01T19:37:39.416Z] ----------------------------------------------------------------------
[debug] [2017-08-01T19:37:39.418Z] Command:      /usr/bin/nodejs /usr/local/bin/firebase serve
[debug] [2017-08-01T19:37:39.418Z] CLI Version:  3.9.1
[debug] [2017-08-01T19:37:39.418Z] Platform:     linux
[debug] [2017-08-01T19:37:39.419Z] Node Version: v4.2.6
[debug] [2017-08-01T19:37:39.419Z] Time:         Wed Aug 02 2017 01:07:39 GMT+0530 (IST)
[debug] [2017-08-01T19:37:39.419Z] ----------------------------------------------------------------------
[debug] 
[debug] [2017-08-01T19:37:39.430Z] > command requires scopes: ["email","openid","https://www.googleapis.com/auth/cloudplatformprojects.readonly","https://www.googleapis.com/auth/firebase","https://www.googleapis.com/auth/cloud-platform"]
[debug] [2017-08-01T19:37:39.431Z] > authorizing via signed-in user
[debug] [2017-08-01T19:37:39.432Z] > refreshing access token with scopes: ["email","https://www.googleapis.com/auth/cloud-platform","https://www.googleapis.com/auth/cloudplatformprojects.readonly","https://www.googleapis.com/auth/firebase","openid"]
[debug] [2017-08-01T19:37:39.433Z] >>> HTTP REQUEST POST https://www.googleapis.com/oauth2/v3/token { refresh_token: '1/n_x6ux6c124oBUpuiMJ-BucQ0ylV09SZvvEf9BBOcupTawjh86vgLwIHMoPYk3lz',
  client_id: '563584335869-fgrhgmd47bqnekij5i8b5pr03ho849e6.apps.googleusercontent.com',
  client_secret: 'j9iVZfS8kkCEFUPaAeJV0sAi',
  grant_type: 'refresh_token',
  scope: 'email https://www.googleapis.com/auth/cloud-platform https://www.googleapis.com/auth/cloudplatformprojects.readonly https://www.googleapis.com/auth/firebase openid' } 
 Wed Aug 02 2017 01:07:39 GMT+0530 (IST)
[debug] [2017-08-01T19:37:46.169Z] <<< HTTP RESPONSE 200
[debug] [2017-08-01T19:37:46.294Z] >>> HTTP REQUEST GET https://admin.firebase.com/v1/projects/hirecall-5bbea  
 Wed Aug 02 2017 01:07:46 GMT+0530 (IST)
[debug] [2017-08-01T19:37:53.426Z] <<< HTTP RESPONSE 200
[debug] [2017-08-01T19:37:53.431Z] >>> HTTP REQUEST GET https://admin.firebase.com/v1/database/hirecall-5bbea/tokens  
 Wed Aug 02 2017 01:07:53 GMT+0530 (IST)
[debug] [2017-08-01T19:38:00.093Z] <<< HTTP RESPONSE 200
[info] 
[info] === Serving from '/var/www/html/web-start'...
[info] 
[debug] [2017-08-01T19:38:00.119Z] >>> HTTP REQUEST GET https://cloudresourcemanager.googleapis.com/v1/projects/hirecall-5bbea  
 Wed Aug 02 2017 01:08:00 GMT+0530 (IST)
[debug] [2017-08-01T19:38:03.585Z] <<< HTTP RESPONSE 200
[debug] [2017-08-01T19:38:03.588Z] >>> HTTP REQUEST GET https://mobilesdk-pa.googleapis.com/v1/projects/44473246990/clients/_:getWebAppConfig  
 Wed Aug 02 2017 01:08:03 GMT+0530 (IST)
[debug] [2017-08-01T19:38:06.792Z] <<< HTTP RESPONSE 200
[info] i  hosting: Serving hosting files from: ./
[info] ✔  hosting: Local server: http://localhost:5000

[debug] [2017-08-02T12:44:52.607Z] <<< HTTP RESPONSE 200
[debug] [2017-08-02T12:44:52.644Z] Error: getaddrinfo EAI_AGAIN admin.firebase.com:443
[info] 
[info] === Serving from '/var/www/html/web-start'...
[info] 
[debug] [2017-08-02T12:44:52.611Z] > refreshing access token with scopes: ["email","https://www.googleapis.com/auth/cloud-platform","https://www.googleapis.com/auth/cloudplatformprojects.readonly","https://www.googleapis.com/auth/firebase","openid"]
[debug] [2017-08-02T12:44:52.611Z] >>> HTTP REQUEST POST https://www.googleapis.com/oauth2/v3/token { refresh_token: '1/n_x6ux6c124oBUpuiMJ-BucQ0ylV09SZvvEf9BBOcupTawjh86vgLwIHMoPYk3lz',
  client_id: '563584335869-fgrhgmd47bqnekij5i8b5pr03ho849e6.apps.googleusercontent.com',
  client_secret: 'j9iVZfS8kkCEFUPaAeJV0sAi',
  grant_type: 'refresh_token',
  scope: 'email https://www.googleapis.com/auth/cloud-platform https://www.googleapis.com/auth/cloudplatformprojects.readonly https://www.googleapis.com/auth/firebase openid' } 
 Wed Aug 02 2017 18:14:52 GMT+0530 (IST)
[debug] [2017-08-02T12:44:52.650Z] Error: write EIO
[error] 
[error] Error: An unexpected error has occurred.
[debug] [2017-08-04T20:07:18.600Z] ----------------------------------------------------------------------
[debug] [2017-08-04T20:07:18.605Z] Command:      /usr/bin/nodejs /usr/local/bin/firebase serve
[debug] [2017-08-04T20:07:18.606Z] CLI Version:  3.9.1
[debug] [2017-08-04T20:07:18.606Z] Platform:     linux
[debug] [2017-08-04T20:07:18.606Z] Node Version: v4.2.6
[debug] [2017-08-04T20:07:18.607Z] Time:         Sat Aug 05 2017 01:37:18 GMT+0530 (IST)
[debug] [2017-08-04T20:07:18.607Z] ----------------------------------------------------------------------
[debug] 
[debug] [2017-08-04T20:07:18.742Z] > command requires scopes: ["email","openid","https://www.googleapis.com/auth/cloudplatformprojects.readonly","https://www.googleapis.com/auth/firebase","https://www.googleapis.com/auth/cloud-platform"]
[debug] [2017-08-04T20:07:18.742Z] > authorizing via signed-in user
[debug] [2017-08-04T20:07:18.746Z] > refreshing access token with scopes: ["email","https://www.googleapis.com/auth/cloud-platform","https://www.googleapis.com/auth/cloudplatformprojects.readonly","https://www.googleapis.com/auth/firebase","openid"]
[debug] [2017-08-04T20:07:18.746Z] >>> HTTP REQUEST POST https://www.googleapis.com/oauth2/v3/token { refresh_token: '1/n_x6ux6c124oBUpuiMJ-BucQ0ylV09SZvvEf9BBOcupTawjh86vgLwIHMoPYk3lz',
  client_id: '563584335869-fgrhgmd47bqnekij5i8b5pr03ho849e6.apps.googleusercontent.com',
  client_secret: 'j9iVZfS8kkCEFUPaAeJV0sAi',
  grant_type: 'refresh_token',
  scope: 'email https://www.googleapis.com/auth/cloud-platform https://www.googleapis.com/auth/cloudplatformprojects.readonly https://www.googleapis.com/auth/firebase openid' } 
 Sat Aug 05 2017 01:37:18 GMT+0530 (IST)
[debug] [2017-08-04T20:07:19.310Z] <<< HTTP RESPONSE 200
[debug] [2017-08-04T20:07:20.225Z] >>> HTTP REQUEST GET https://admin.firebase.com/v1/projects/hirecall-5bbea  
 Sat Aug 05 2017 01:37:20 GMT+0530 (IST)
[debug] [2017-08-04T20:07:23.961Z] <<< HTTP RESPONSE 200
[debug] [2017-08-04T20:07:23.961Z] >>> HTTP REQUEST GET https://admin.firebase.com/v1/database/hirecall-5bbea/tokens  
 Sat Aug 05 2017 01:37:23 GMT+0530 (IST)
[debug] [2017-08-04T20:07:25.285Z] <<< HTTP RESPONSE 200
[info] 
[info] === Serving from '/var/www/html/web-start'...
[info] 
[debug] [2017-08-04T20:07:25.301Z] >>> HTTP REQUEST GET https://cloudresourcemanager.googleapis.com/v1/projects/hirecall-5bbea  
 Sat Aug 05 2017 01:37:25 GMT+0530 (IST)
[debug] [2017-08-04T20:07:27.650Z] <<< HTTP RESPONSE 200
[debug] [2017-08-04T20:07:27.655Z] >>> HTTP REQUEST GET https://mobilesdk-pa.googleapis.com/v1/projects/44473246990/clients/_:getWebAppConfig  
 Sat Aug 05 2017 01:37:27 GMT+0530 (IST)
[debug] [2017-08-04T20:07:29.010Z] <<< HTTP RESPONSE 200
[info] i  hosting: Serving hosting files from: ./
[info] ✔  hosting: Local server: http://localhost:5000

[debug] [2017-08-06T21:18:34.479Z] ----------------------------------------------------------------------
[debug] [2017-08-06T21:18:34.483Z] Command:      /usr/bin/nodejs /usr/local/bin/firebase serve
[debug] [2017-08-06T21:18:34.484Z] CLI Version:  3.9.1
[debug] [2017-08-06T21:18:34.484Z] Platform:     linux
[debug] [2017-08-06T21:18:34.484Z] Node Version: v4.2.6
[debug] [2017-08-06T21:18:34.485Z] Time:         Mon Aug 07 2017 02:48:34 GMT+0530 (IST)
[debug] [2017-08-06T21:18:34.485Z] ----------------------------------------------------------------------
[debug] 
[debug] [2017-08-06T21:18:34.649Z] > command requires scopes: ["email","openid","https://www.googleapis.com/auth/cloudplatformprojects.readonly","https://www.googleapis.com/auth/firebase","https://www.googleapis.com/auth/cloud-platform"]
[debug] [2017-08-06T21:18:34.650Z] > authorizing via signed-in user
[debug] [2017-08-06T21:18:34.655Z] > refreshing access token with scopes: ["email","https://www.googleapis.com/auth/cloud-platform","https://www.googleapis.com/auth/cloudplatformprojects.readonly","https://www.googleapis.com/auth/firebase","openid"]
[debug] [2017-08-06T21:18:34.655Z] >>> HTTP REQUEST POST https://www.googleapis.com/oauth2/v3/token { refresh_token: '1/n_x6ux6c124oBUpuiMJ-BucQ0ylV09SZvvEf9BBOcupTawjh86vgLwIHMoPYk3lz',
  client_id: '563584335869-fgrhgmd47bqnekij5i8b5pr03ho849e6.apps.googleusercontent.com',
  client_secret: 'j9iVZfS8kkCEFUPaAeJV0sAi',
  grant_type: 'refresh_token',
  scope: 'email https://www.googleapis.com/auth/cloud-platform https://www.googleapis.com/auth/cloudplatformprojects.readonly https://www.googleapis.com/auth/firebase openid' } 
 Mon Aug 07 2017 02:48:34 GMT+0530 (IST)
[debug] [2017-08-06T21:18:35.016Z] <<< HTTP RESPONSE 200
[debug] [2017-08-06T21:18:35.108Z] >>> HTTP REQUEST GET https://admin.firebase.com/v1/projects/hirecall-5bbea  
 Mon Aug 07 2017 02:48:35 GMT+0530 (IST)
[debug] [2017-08-06T21:18:37.452Z] <<< HTTP RESPONSE 200
[debug] [2017-08-06T21:18:37.458Z] >>> HTTP REQUEST GET https://admin.firebase.com/v1/database/hirecall-5bbea/tokens  
 Mon Aug 07 2017 02:48:37 GMT+0530 (IST)
[debug] [2017-08-06T21:18:39.124Z] <<< HTTP RESPONSE 200
[info] 
[info] === Serving from '/var/www/html/web-start'...
[info] 
[debug] [2017-08-06T21:18:39.146Z] >>> HTTP REQUEST GET https://cloudresourcemanager.googleapis.com/v1/projects/hirecall-5bbea  
 Mon Aug 07 2017 02:48:39 GMT+0530 (IST)
[debug] [2017-08-06T21:18:40.900Z] <<< HTTP RESPONSE 200
[debug] [2017-08-06T21:18:40.902Z] >>> HTTP REQUEST GET https://mobilesdk-pa.googleapis.com/v1/projects/44473246990/clients/_:getWebAppConfig  
 Mon Aug 07 2017 02:48:40 GMT+0530 (IST)
[debug] [2017-08-06T21:18:41.944Z] <<< HTTP RESPONSE 200
[info] i  hosting: Serving hosting files from: ./
[info] ✔  hosting: Local server: http://localhost:5000

[debug] [2017-08-09T17:36:43.335Z] ----------------------------------------------------------------------
[debug] [2017-08-09T17:36:43.355Z] Command:      /usr/bin/nodejs /usr/local/bin/firebase serve
[debug] [2017-08-09T17:36:43.357Z] CLI Version:  3.9.1
[debug] [2017-08-09T17:36:43.358Z] Platform:     linux
[debug] [2017-08-09T17:36:43.358Z] Node Version: v4.2.6
[debug] [2017-08-09T17:36:43.362Z] Time:         Wed Aug 09 2017 23:06:43 GMT+0530 (IST)
[debug] [2017-08-09T17:36:43.362Z] ----------------------------------------------------------------------
[debug] 
[debug] [2017-08-09T17:36:43.582Z] > command requires scopes: ["email","openid","https://www.googleapis.com/auth/cloudplatformprojects.readonly","https://www.googleapis.com/auth/firebase","https://www.googleapis.com/auth/cloud-platform"]
[debug] [2017-08-09T17:36:43.583Z] > authorizing via signed-in user
[debug] [2017-08-09T17:36:43.595Z] > refreshing access token with scopes: ["email","https://www.googleapis.com/auth/cloud-platform","https://www.googleapis.com/auth/cloudplatformprojects.readonly","https://www.googleapis.com/auth/firebase","openid"]
[debug] [2017-08-09T17:36:43.597Z] >>> HTTP REQUEST POST https://www.googleapis.com/oauth2/v3/token { refresh_token: '1/n_x6ux6c124oBUpuiMJ-BucQ0ylV09SZvvEf9BBOcupTawjh86vgLwIHMoPYk3lz',
  client_id: '563584335869-fgrhgmd47bqnekij5i8b5pr03ho849e6.apps.googleusercontent.com',
  client_secret: 'j9iVZfS8kkCEFUPaAeJV0sAi',
  grant_type: 'refresh_token',
  scope: 'email https://www.googleapis.com/auth/cloud-platform https://www.googleapis.com/auth/cloudplatformprojects.readonly https://www.googleapis.com/auth/firebase openid' } 
 Wed Aug 09 2017 23:06:43 GMT+0530 (IST)
[debug] [2017-08-09T17:36:46.765Z] <<< HTTP RESPONSE 200
[debug] [2017-08-09T17:36:47.607Z] >>> HTTP REQUEST GET https://admin.firebase.com/v1/projects/hirecall-5bbea  
 Wed Aug 09 2017 23:06:47 GMT+0530 (IST)
[debug] [2017-08-09T17:36:51.195Z] <<< HTTP RESPONSE 200
[debug] [2017-08-09T17:36:51.198Z] >>> HTTP REQUEST GET https://admin.firebase.com/v1/database/hirecall-5bbea/tokens  
 Wed Aug 09 2017 23:06:51 GMT+0530 (IST)
[debug] [2017-08-09T17:36:53.273Z] <<< HTTP RESPONSE 200
[info] 
[info] === Serving from '/var/www/html/web-start'...
[info] 
[debug] [2017-08-09T17:36:53.292Z] >>> HTTP REQUEST GET https://cloudresourcemanager.googleapis.com/v1/projects/hirecall-5bbea  
 Wed Aug 09 2017 23:06:53 GMT+0530 (IST)
[debug] [2017-08-09T17:36:55.826Z] <<< HTTP RESPONSE 200
[debug] [2017-08-09T17:36:55.831Z] >>> HTTP REQUEST GET https://mobilesdk-pa.googleapis.com/v1/projects/44473246990/clients/_:getWebAppConfig  
 Wed Aug 09 2017 23:06:55 GMT+0530 (IST)
[debug] [2017-08-09T17:36:57.276Z] <<< HTTP RESPONSE 200
[warn] ⚠  hosting: Port 5000 is not available. Trying another port...
[debug] [2017-08-09T17:36:58.451Z] >>> HTTP REQUEST GET https://cloudresourcemanager.googleapis.com/v1/projects/hirecall-5bbea  
 Wed Aug 09 2017 23:06:58 GMT+0530 (IST)
[debug] [2017-08-09T17:37:00.222Z] <<< HTTP RESPONSE 200
[debug] [2017-08-09T17:37:00.225Z] >>> HTTP REQUEST GET https://mobilesdk-pa.googleapis.com/v1/projects/44473246990/clients/_:getWebAppConfig  
 Wed Aug 09 2017 23:07:00 GMT+0530 (IST)
[debug] [2017-08-09T17:37:01.463Z] <<< HTTP RESPONSE 200
[info] i  hosting: Serving hosting files from: ./
[info] ✔  hosting: Local server: http://localhost:5004

[debug] [2017-08-09T17:39:00.359Z] Error: read ECONNRESET
[error] 
[error] Error: An unexpected error has occurred.
[debug] [2017-08-09T17:39:00.370Z] Error: socket hang up
[error] 
[error] Error: An unexpected error has occurred.
[debug] [2017-08-09T17:40:23.085Z] ----------------------------------------------------------------------
[debug] [2017-08-09T17:40:23.088Z] Command:      /usr/bin/nodejs /usr/local/bin/firebase serve
[debug] [2017-08-09T17:40:23.088Z] CLI Version:  3.9.1
[debug] [2017-08-09T17:40:23.088Z] Platform:     linux
[debug] [2017-08-09T17:40:23.088Z] Node Version: v4.2.6
[debug] [2017-08-09T17:40:23.089Z] Time:         Wed Aug 09 2017 23:10:23 GMT+0530 (IST)
[debug] [2017-08-09T17:40:23.089Z] ----------------------------------------------------------------------
[debug] 
[debug] [2017-08-09T17:40:23.098Z] > command requires scopes: ["email","openid","https://www.googleapis.com/auth/cloudplatformprojects.readonly","https://www.googleapis.com/auth/firebase","https://www.googleapis.com/auth/cloud-platform"]
[debug] [2017-08-09T17:40:23.098Z] > authorizing via signed-in user
[debug] [2017-08-09T17:40:23.100Z] >>> HTTP REQUEST GET https://admin.firebase.com/v1/projects/hirecall-5bbea  
 Wed Aug 09 2017 23:10:23 GMT+0530 (IST)
[debug] [2017-08-09T17:40:25.746Z] <<< HTTP RESPONSE 200
[debug] [2017-08-09T17:40:25.748Z] >>> HTTP REQUEST GET https://admin.firebase.com/v1/database/hirecall-5bbea/tokens  
 Wed Aug 09 2017 23:10:25 GMT+0530 (IST)
[debug] [2017-08-09T17:40:27.649Z] <<< HTTP RESPONSE 200
[info] 
[info] === Serving from '/var/www/html/web-start'...
[info] 
[debug] [2017-08-09T17:40:27.663Z] >>> HTTP REQUEST GET https://cloudresourcemanager.googleapis.com/v1/projects/hirecall-5bbea  
 Wed Aug 09 2017 23:10:27 GMT+0530 (IST)
[debug] [2017-08-09T17:40:30.969Z] <<< HTTP RESPONSE 200
[debug] [2017-08-09T17:40:30.972Z] >>> HTTP REQUEST GET https://mobilesdk-pa.googleapis.com/v1/projects/44473246990/clients/_:getWebAppConfig  
 Wed Aug 09 2017 23:10:30 GMT+0530 (IST)
[debug] [2017-08-09T17:40:34.131Z] <<< HTTP RESPONSE 200
[warn] ⚠  hosting: Port 5000 is not available. Trying another port...
[debug] [2017-08-09T17:40:34.180Z] >>> HTTP REQUEST GET https://cloudresourcemanager.googleapis.com/v1/projects/hirecall-5bbea  
 Wed Aug 09 2017 23:10:34 GMT+0530 (IST)
[debug] [2017-08-09T17:40:36.226Z] <<< HTTP RESPONSE 200
[debug] [2017-08-09T17:40:36.228Z] >>> HTTP REQUEST GET https://mobilesdk-pa.googleapis.com/v1/projects/44473246990/clients/_:getWebAppConfig  
 Wed Aug 09 2017 23:10:36 GMT+0530 (IST)
[debug] [2017-08-09T17:40:37.296Z] <<< HTTP RESPONSE 200
[info] i  hosting: Serving hosting files from: ./
[info] ✔  hosting: Local server: http://localhost:5004

[debug] [2017-08-10T08:11:12.129Z] Error: socket hang up
[error] 
[error] Error: An unexpected error has occurred.
[debug] [2017-08-10T08:11:12.149Z] Error: socket hang up
[error] 
[error] Error: An unexpected error has occurred.
[debug] [2017-08-10T08:15:50.059Z] ----------------------------------------------------------------------
[debug] [2017-08-10T08:15:50.067Z] Command:      /usr/bin/nodejs /usr/local/bin/firebase serve
[debug] [2017-08-10T08:15:50.068Z] CLI Version:  3.9.1
[debug] [2017-08-10T08:15:50.068Z] Platform:     linux
[debug] [2017-08-10T08:15:50.068Z] Node Version: v4.2.6
[debug] [2017-08-10T08:15:50.069Z] Time:         Thu Aug 10 2017 13:45:50 GMT+0530 (IST)
[debug] [2017-08-10T08:15:50.069Z] ----------------------------------------------------------------------
[debug] 
[debug] [2017-08-10T08:15:50.261Z] > command requires scopes: ["email","openid","https://www.googleapis.com/auth/cloudplatformprojects.readonly","https://www.googleapis.com/auth/firebase","https://www.googleapis.com/auth/cloud-platform"]
[debug] [2017-08-10T08:15:50.262Z] > authorizing via signed-in user
[debug] [2017-08-10T08:15:50.268Z] > refreshing access token with scopes: ["email","https://www.googleapis.com/auth/cloud-platform","https://www.googleapis.com/auth/cloudplatformprojects.readonly","https://www.googleapis.com/auth/firebase","openid"]
[debug] [2017-08-10T08:15:50.268Z] >>> HTTP REQUEST POST https://www.googleapis.com/oauth2/v3/token { refresh_token: '1/n_x6ux6c124oBUpuiMJ-BucQ0ylV09SZvvEf9BBOcupTawjh86vgLwIHMoPYk3lz',
  client_id: '563584335869-fgrhgmd47bqnekij5i8b5pr03ho849e6.apps.googleusercontent.com',
  client_secret: 'j9iVZfS8kkCEFUPaAeJV0sAi',
  grant_type: 'refresh_token',
  scope: 'email https://www.googleapis.com/auth/cloud-platform https://www.googleapis.com/auth/cloudplatformprojects.readonly https://www.googleapis.com/auth/firebase openid' } 
 Thu Aug 10 2017 13:45:50 GMT+0530 (IST)
[debug] [2017-08-10T08:15:50.796Z] <<< HTTP RESPONSE 200
[debug] [2017-08-10T08:15:50.840Z] >>> HTTP REQUEST GET https://admin.firebase.com/v1/projects/hirecall-5bbea  
 Thu Aug 10 2017 13:45:50 GMT+0530 (IST)
[debug] [2017-08-10T08:15:53.079Z] <<< HTTP RESPONSE 200
[debug] [2017-08-10T08:15:53.083Z] >>> HTTP REQUEST GET https://admin.firebase.com/v1/database/hirecall-5bbea/tokens  
 Thu Aug 10 2017 13:45:53 GMT+0530 (IST)
[debug] [2017-08-10T08:15:54.519Z] <<< HTTP RESPONSE 200
[info] 
[info] === Serving from '/var/www/html/web-start'...
[info] 
[debug] [2017-08-10T08:15:54.522Z] >>> HTTP REQUEST GET https://cloudresourcemanager.googleapis.com/v1/projects/hirecall-5bbea  
 Thu Aug 10 2017 13:45:54 GMT+0530 (IST)
[debug] [2017-08-10T08:15:56.206Z] <<< HTTP RESPONSE 200
[debug] [2017-08-10T08:15:56.209Z] >>> HTTP REQUEST GET https://mobilesdk-pa.googleapis.com/v1/projects/44473246990/clients/_:getWebAppConfig  
 Thu Aug 10 2017 13:45:56 GMT+0530 (IST)
[debug] [2017-08-10T08:15:57.198Z] <<< HTTP RESPONSE 200
[warn] ⚠  hosting: Port 5000 is not available. Trying another port...
[debug] [2017-08-10T08:15:57.371Z] >>> HTTP REQUEST GET https://cloudresourcemanager.googleapis.com/v1/projects/hirecall-5bbea  
 Thu Aug 10 2017 13:45:57 GMT+0530 (IST)
[debug] [2017-08-10T08:15:58.923Z] <<< HTTP RESPONSE 200
[debug] [2017-08-10T08:15:58.925Z] >>> HTTP REQUEST GET https://mobilesdk-pa.googleapis.com/v1/projects/44473246990/clients/_:getWebAppConfig  
 Thu Aug 10 2017 13:45:58 GMT+0530 (IST)
[debug] [2017-08-10T08:15:59.758Z] <<< HTTP RESPONSE 200
[info] i  hosting: Serving hosting files from: ./
[info] ✔  hosting: Local server: http://localhost:5004

[debug] [2017-08-10T10:24:48.203Z] ----------------------------------------------------------------------
[debug] [2017-08-10T10:24:48.214Z] Command:       /usr/local/bin/node /usr/local/bin/firebase serve
[debug] [2017-08-10T10:24:48.215Z] CLI Version:   3.9.2
[debug] [2017-08-10T10:24:48.215Z] Platform:      linux
[debug] [2017-08-10T10:24:48.215Z] Node Version:  v8.3.0
[debug] [2017-08-10T10:24:48.215Z] Time:          Thu Aug 10 2017 15:54:48 GMT+0530 (IST)
[debug] [2017-08-10T10:24:48.216Z] ----------------------------------------------------------------------
[debug] 
[debug] [2017-08-10T10:24:48.349Z] > command requires scopes: ["email","openid","https://www.googleapis.com/auth/cloudplatformprojects.readonly","https://www.googleapis.com/auth/firebase","https://www.googleapis.com/auth/cloud-platform"]
[debug] [2017-08-10T10:24:48.350Z] > authorizing via signed-in user
[debug] [2017-08-10T10:24:48.354Z] > refreshing access token with scopes: ["email","https://www.googleapis.com/auth/cloud-platform","https://www.googleapis.com/auth/cloudplatformprojects.readonly","https://www.googleapis.com/auth/firebase","openid"]
[debug] [2017-08-10T10:24:48.354Z] >>> HTTP REQUEST POST https://www.googleapis.com/oauth2/v3/token { refresh_token: '1/n_x6ux6c124oBUpuiMJ-BucQ0ylV09SZvvEf9BBOcupTawjh86vgLwIHMoPYk3lz',
  client_id: '563584335869-fgrhgmd47bqnekij5i8b5pr03ho849e6.apps.googleusercontent.com',
  client_secret: 'j9iVZfS8kkCEFUPaAeJV0sAi',
  grant_type: 'refresh_token',
  scope: 'email https://www.googleapis.com/auth/cloud-platform https://www.googleapis.com/auth/cloudplatformprojects.readonly https://www.googleapis.com/auth/firebase openid' } 
 Thu Aug 10 2017 15:54:48 GMT+0530 (IST)
[debug] [2017-08-10T10:24:49.179Z] <<< HTTP RESPONSE 200
[debug] [2017-08-10T10:24:49.278Z] >>> HTTP REQUEST GET https://admin.firebase.com/v1/projects/hirecall-5bbea  
 Thu Aug 10 2017 15:54:49 GMT+0530 (IST)
[debug] [2017-08-10T10:24:52.405Z] <<< HTTP RESPONSE 200
[debug] [2017-08-10T10:24:52.409Z] >>> HTTP REQUEST GET https://admin.firebase.com/v1/database/hirecall-5bbea/tokens  
 Thu Aug 10 2017 15:54:52 GMT+0530 (IST)
[debug] [2017-08-10T10:24:54.495Z] <<< HTTP RESPONSE 200
[info] 
[info] === Serving from '/var/www/html/web-start'...
[info] 
[debug] [2017-08-10T10:24:54.508Z] >>> HTTP REQUEST GET https://cloudresourcemanager.googleapis.com/v1/projects/hirecall-5bbea  
 Thu Aug 10 2017 15:54:54 GMT+0530 (IST)
[debug] [2017-08-10T10:24:56.475Z] <<< HTTP RESPONSE 200
[debug] [2017-08-10T10:24:56.475Z] >>> HTTP REQUEST GET https://mobilesdk-pa.googleapis.com/v1/projects/44473246990/clients/_:getWebAppConfig  
 Thu Aug 10 2017 15:54:56 GMT+0530 (IST)
[debug] [2017-08-10T10:24:58.147Z] <<< HTTP RESPONSE 200
[info] i  hosting: Serving hosting files from: ./
[info] ✔  hosting: Local server: http://localhost:5000

